<?xml version="1.0" encoding="UTF-8"?>
<!-- Generated by org.testng.reporters.JUnitXMLReporter -->
<testsuite hostname="NODTBSL453AG" ignored="2" name="Sanity Test cases" tests="12" failures="6" timestamp="03 May 2017 11:04:08 GMT" time="304.703" errors="0">
  <testcase name="interstialScreen" time="8.521" classname="com.mb.brc.tests.LoginAndRegistrationTest"/>
  <testcase name="login" time="39.372" classname="com.mb.brc.tests.LoginAndRegistrationTest"/>
  <testcase name="coachMark" time="7.571" classname="com.mb.brc.tests.LoginAndRegistrationTest"/>
  <testcase name="Board" time="21.104" classname="com.mb.brc.tests.LoginAndRegistrationTest"/>
  <testcase name="BoardContent" time="68.324" classname="com.mb.brc.tests.LoginAndRegistrationTest"/>
  <testcase name="exclusive" time="4.308" classname="com.mb.brc.tests.LoginAndRegistrationTest"/>
  <testcase name="shorlist" time="10.539" classname="com.mb.brc.tests.LoginAndRegistrationTest">
    <failure type="java.lang.AssertionError" message="Shortlist not working expected [3 hr. ago, 1:04 PM] but found [1 hr. ago, 3:20 PM]">
      <![CDATA[java.lang.AssertionError: Shortlist not working expected [3 hr. ago, 1:04 PM] but found [1 hr. ago, 3:20 PM]
	at com.mb.brc.modules.Board.shorlist(Board.java:238)
	at com.mb.brc.tests.LoginAndRegistrationTest.shorlist(LoginAndRegistrationTest.java:165)
	at java.util.concurrent.FutureTask.run(Unknown Source)
	at java.util.concurrent.ThreadPoolExecutor.runWorker(Unknown Source)
	at java.util.concurrent.ThreadPoolExecutor$Worker.run(Unknown Source)
	at java.lang.Thread.run(Unknown Source)
... Removed 21 stack frames]]>
    </failure>
  </testcase> <!-- shorlist -->
  <testcase name="PostPropertyRequirement" time="39.588" classname="com.mb.brc.tests.LoginAndRegistrationTest">
    <failure type="org.openqa.selenium.WebDriverException" message="An unknown server-side error occurred while processing the command. (Original error: Soft keyboard not present, cannot hide keyboard) (WARNING: The server did not provide any stacktrace information)
Command duration or timeout: 187 milliseconds
Build info: version: &amp;apos;2.53.1&amp;apos;, revision: &amp;apos;a36b8b1&amp;apos;, time: &amp;apos;2016-06-30 17:37:03&amp;apos;
System info: host: &amp;apos;NODTBSL453AG&amp;apos;, ip: &amp;apos;10.150.160.235&amp;apos;, os.name: &amp;apos;Windows 8.1&amp;apos;, os.arch: &amp;apos;amd64&amp;apos;, os.version: &amp;apos;6.3&amp;apos;, java.version: &amp;apos;1.8.0_40&amp;apos;
Driver info: io.appium.java_client.android.AndroidDriver
Capabilities [{app=D:\Development\Build\BRC_debug_staging.apk, appPackage=com.timesgroup.brokerconnectmagicbricks, networkConnectionEnabled=true, warnings={}, databaseEnabled=false, deviceName=LS1439917481, platform=LINUX, appActivity=com.timesgroup.brokerconnectmagicbricks.Activities.SplashScreen, desired={app=D:\Development\Build\BRC_debug_staging.apk, appPackage=com.timesgroup.brokerconnectmagicbricks, appActivity=com.timesgroup.brokerconnectmagicbricks.Activities.SplashScreen, platformVersion=6.0.1, browserName=, platformName=Android, deviceName=Sparkle V}, platformVersion=6.0.1, webStorageEnabled=false, locationContextEnabled=false, browserName=, takesScreenshot=true, javascriptEnabled=true, platformName=Android}]
Session ID: f75c2799-45d4-4864-82e5-32fa759483a2">
      <![CDATA[org.openqa.selenium.WebDriverException: An unknown server-side error occurred while processing the command. (Original error: Soft keyboard not present, cannot hide keyboard) (WARNING: The server did not provide any stacktrace information)
Command duration or timeout: 187 milliseconds
Build info: version: '2.53.1', revision: 'a36b8b1', time: '2016-06-30 17:37:03'
System info: host: 'NODTBSL453AG', ip: '10.150.160.235', os.name: 'Windows 8.1', os.arch: 'amd64', os.version: '6.3', java.version: '1.8.0_40'
Driver info: io.appium.java_client.android.AndroidDriver
Capabilities [{app=D:\Development\Build\BRC_debug_staging.apk, appPackage=com.timesgroup.brokerconnectmagicbricks, networkConnectionEnabled=true, warnings={}, databaseEnabled=false, deviceName=LS1439917481, platform=LINUX, appActivity=com.timesgroup.brokerconnectmagicbricks.Activities.SplashScreen, desired={app=D:\Development\Build\BRC_debug_staging.apk, appPackage=com.timesgroup.brokerconnectmagicbricks, appActivity=com.timesgroup.brokerconnectmagicbricks.Activities.SplashScreen, platformVersion=6.0.1, browserName=, platformName=Android, deviceName=Sparkle V}, platformVersion=6.0.1, webStorageEnabled=false, locationContextEnabled=false, browserName=, takesScreenshot=true, javascriptEnabled=true, platformName=Android}]
Session ID: f75c2799-45d4-4864-82e5-32fa759483a2
	at org.openqa.selenium.remote.ErrorHandler.createThrowable(ErrorHandler.java:206)
	at org.openqa.selenium.remote.ErrorHandler.throwIfResponseFailed(ErrorHandler.java:158)
	at org.openqa.selenium.remote.RemoteWebDriver.execute(RemoteWebDriver.java:678)
	at io.appium.java_client.AppiumDriver.execute(AppiumDriver.java:180)
	at io.appium.java_client.AppiumDriver.execute(AppiumDriver.java:185)
	at io.appium.java_client.AppiumDriver.hideKeyboard(AppiumDriver.java:268)
	at com.mb.brc.modules.PostPropertyRequirement.postProperty(PostPropertyRequirement.java:130)
	at com.mb.brc.tests.LoginAndRegistrationTest.PostPropertyRequirement(LoginAndRegistrationTest.java:176)
	at java.util.concurrent.FutureTask.run(Unknown Source)
	at java.util.concurrent.ThreadPoolExecutor.runWorker(Unknown Source)
	at java.util.concurrent.ThreadPoolExecutor$Worker.run(Unknown Source)
	at java.lang.Thread.run(Unknown Source)
... Removed 19 stack frames]]>
    </failure>
  </testcase> <!-- PostPropertyRequirement -->
  <testcase name="postRequirement" time="20.618" classname="com.mb.brc.tests.LoginAndRegistrationTest">
    <failure type="org.openqa.selenium.NoSuchElementException" message="An element could not be located on the page using the given search parameters. (WARNING: The server did not provide any stacktrace information)
Command duration or timeout: 20.57 seconds
For documentation on this error, please visit: http://seleniumhq.org/exceptions/no_such_element.html
Build info: version: &amp;apos;2.53.1&amp;apos;, revision: &amp;apos;a36b8b1&amp;apos;, time: &amp;apos;2016-06-30 17:37:03&amp;apos;
System info: host: &amp;apos;NODTBSL453AG&amp;apos;, ip: &amp;apos;10.150.160.235&amp;apos;, os.name: &amp;apos;Windows 8.1&amp;apos;, os.arch: &amp;apos;amd64&amp;apos;, os.version: &amp;apos;6.3&amp;apos;, java.version: &amp;apos;1.8.0_40&amp;apos;
Driver info: io.appium.java_client.android.AndroidDriver
Capabilities [{app=D:\Development\Build\BRC_debug_staging.apk, appPackage=com.timesgroup.brokerconnectmagicbricks, networkConnectionEnabled=true, warnings={}, databaseEnabled=false, deviceName=LS1439917481, platform=LINUX, appActivity=com.timesgroup.brokerconnectmagicbricks.Activities.SplashScreen, desired={app=D:\Development\Build\BRC_debug_staging.apk, appPackage=com.timesgroup.brokerconnectmagicbricks, appActivity=com.timesgroup.brokerconnectmagicbricks.Activities.SplashScreen, platformVersion=6.0.1, browserName=, platformName=Android, deviceName=Sparkle V}, platformVersion=6.0.1, webStorageEnabled=false, locationContextEnabled=false, browserName=, takesScreenshot=true, javascriptEnabled=true, platformName=Android}]
Session ID: f75c2799-45d4-4864-82e5-32fa759483a2
*** Element info: {Using=class name, value=android.widget.ImageButton}">
      <![CDATA[org.openqa.selenium.NoSuchElementException: An element could not be located on the page using the given search parameters. (WARNING: The server did not provide any stacktrace information)
Command duration or timeout: 20.57 seconds
For documentation on this error, please visit: http://seleniumhq.org/exceptions/no_such_element.html
Build info: version: '2.53.1', revision: 'a36b8b1', time: '2016-06-30 17:37:03'
System info: host: 'NODTBSL453AG', ip: '10.150.160.235', os.name: 'Windows 8.1', os.arch: 'amd64', os.version: '6.3', java.version: '1.8.0_40'
Driver info: io.appium.java_client.android.AndroidDriver
Capabilities [{app=D:\Development\Build\BRC_debug_staging.apk, appPackage=com.timesgroup.brokerconnectmagicbricks, networkConnectionEnabled=true, warnings={}, databaseEnabled=false, deviceName=LS1439917481, platform=LINUX, appActivity=com.timesgroup.brokerconnectmagicbricks.Activities.SplashScreen, desired={app=D:\Development\Build\BRC_debug_staging.apk, appPackage=com.timesgroup.brokerconnectmagicbricks, appActivity=com.timesgroup.brokerconnectmagicbricks.Activities.SplashScreen, platformVersion=6.0.1, browserName=, platformName=Android, deviceName=Sparkle V}, platformVersion=6.0.1, webStorageEnabled=false, locationContextEnabled=false, browserName=, takesScreenshot=true, javascriptEnabled=true, platformName=Android}]
Session ID: f75c2799-45d4-4864-82e5-32fa759483a2
*** Element info: {Using=class name, value=android.widget.ImageButton}
	at org.openqa.selenium.remote.ErrorHandler.createThrowable(ErrorHandler.java:206)
	at org.openqa.selenium.remote.ErrorHandler.throwIfResponseFailed(ErrorHandler.java:158)
	at org.openqa.selenium.remote.RemoteWebDriver.execute(RemoteWebDriver.java:678)
	at io.appium.java_client.AppiumDriver.execute(AppiumDriver.java:180)
	at org.openqa.selenium.remote.RemoteWebDriver.findElement(RemoteWebDriver.java:363)
	at org.openqa.selenium.remote.RemoteWebDriver.findElementByClassName(RemoteWebDriver.java:477)
	at org.openqa.selenium.By$ByClassName.findElement(By.java:391)
	at org.openqa.selenium.remote.RemoteWebDriver.findElement(RemoteWebDriver.java:355)
	at com.mb.brc.modules.Board.HomeFunc(Board.java:216)
	at com.mb.brc.modules.PostPropertyRequirement.postRequirement(PostPropertyRequirement.java:157)
	at com.mb.brc.tests.LoginAndRegistrationTest.postRequirement(LoginAndRegistrationTest.java:187)
	at java.util.concurrent.FutureTask.run(Unknown Source)
	at java.util.concurrent.ThreadPoolExecutor.runWorker(Unknown Source)
	at java.util.concurrent.ThreadPoolExecutor$Worker.run(Unknown Source)
	at java.lang.Thread.run(Unknown Source)
... Removed 20 stack frames]]>
    </failure>
  </testcase> <!-- postRequirement -->
  <testcase name="postUpdate" time="20.31" classname="com.mb.brc.tests.LoginAndRegistrationTest">
    <failure type="org.openqa.selenium.NoSuchElementException" message="An element could not be located on the page using the given search parameters. (WARNING: The server did not provide any stacktrace information)
Command duration or timeout: 20.26 seconds
For documentation on this error, please visit: http://seleniumhq.org/exceptions/no_such_element.html
Build info: version: &amp;apos;2.53.1&amp;apos;, revision: &amp;apos;a36b8b1&amp;apos;, time: &amp;apos;2016-06-30 17:37:03&amp;apos;
System info: host: &amp;apos;NODTBSL453AG&amp;apos;, ip: &amp;apos;10.150.160.235&amp;apos;, os.name: &amp;apos;Windows 8.1&amp;apos;, os.arch: &amp;apos;amd64&amp;apos;, os.version: &amp;apos;6.3&amp;apos;, java.version: &amp;apos;1.8.0_40&amp;apos;
Driver info: io.appium.java_client.android.AndroidDriver
Capabilities [{app=D:\Development\Build\BRC_debug_staging.apk, appPackage=com.timesgroup.brokerconnectmagicbricks, networkConnectionEnabled=true, warnings={}, databaseEnabled=false, deviceName=LS1439917481, platform=LINUX, appActivity=com.timesgroup.brokerconnectmagicbricks.Activities.SplashScreen, desired={app=D:\Development\Build\BRC_debug_staging.apk, appPackage=com.timesgroup.brokerconnectmagicbricks, appActivity=com.timesgroup.brokerconnectmagicbricks.Activities.SplashScreen, platformVersion=6.0.1, browserName=, platformName=Android, deviceName=Sparkle V}, platformVersion=6.0.1, webStorageEnabled=false, locationContextEnabled=false, browserName=, takesScreenshot=true, javascriptEnabled=true, platformName=Android}]
Session ID: f75c2799-45d4-4864-82e5-32fa759483a2
*** Element info: {Using=class name, value=android.widget.ImageButton}">
      <![CDATA[org.openqa.selenium.NoSuchElementException: An element could not be located on the page using the given search parameters. (WARNING: The server did not provide any stacktrace information)
Command duration or timeout: 20.26 seconds
For documentation on this error, please visit: http://seleniumhq.org/exceptions/no_such_element.html
Build info: version: '2.53.1', revision: 'a36b8b1', time: '2016-06-30 17:37:03'
System info: host: 'NODTBSL453AG', ip: '10.150.160.235', os.name: 'Windows 8.1', os.arch: 'amd64', os.version: '6.3', java.version: '1.8.0_40'
Driver info: io.appium.java_client.android.AndroidDriver
Capabilities [{app=D:\Development\Build\BRC_debug_staging.apk, appPackage=com.timesgroup.brokerconnectmagicbricks, networkConnectionEnabled=true, warnings={}, databaseEnabled=false, deviceName=LS1439917481, platform=LINUX, appActivity=com.timesgroup.brokerconnectmagicbricks.Activities.SplashScreen, desired={app=D:\Development\Build\BRC_debug_staging.apk, appPackage=com.timesgroup.brokerconnectmagicbricks, appActivity=com.timesgroup.brokerconnectmagicbricks.Activities.SplashScreen, platformVersion=6.0.1, browserName=, platformName=Android, deviceName=Sparkle V}, platformVersion=6.0.1, webStorageEnabled=false, locationContextEnabled=false, browserName=, takesScreenshot=true, javascriptEnabled=true, platformName=Android}]
Session ID: f75c2799-45d4-4864-82e5-32fa759483a2
*** Element info: {Using=class name, value=android.widget.ImageButton}
	at org.openqa.selenium.remote.ErrorHandler.createThrowable(ErrorHandler.java:206)
	at org.openqa.selenium.remote.ErrorHandler.throwIfResponseFailed(ErrorHandler.java:158)
	at org.openqa.selenium.remote.RemoteWebDriver.execute(RemoteWebDriver.java:678)
	at io.appium.java_client.AppiumDriver.execute(AppiumDriver.java:180)
	at org.openqa.selenium.remote.RemoteWebDriver.findElement(RemoteWebDriver.java:363)
	at org.openqa.selenium.remote.RemoteWebDriver.findElementByClassName(RemoteWebDriver.java:477)
	at org.openqa.selenium.By$ByClassName.findElement(By.java:391)
	at org.openqa.selenium.remote.RemoteWebDriver.findElement(RemoteWebDriver.java:355)
	at com.mb.brc.modules.Board.HomeFunc(Board.java:216)
	at com.mb.brc.modules.PostPropertyRequirement.postUpdate(PostPropertyRequirement.java:196)
	at com.mb.brc.tests.LoginAndRegistrationTest.postUpdate(LoginAndRegistrationTest.java:198)
	at java.util.concurrent.FutureTask.run(Unknown Source)
	at java.util.concurrent.ThreadPoolExecutor.runWorker(Unknown Source)
	at java.util.concurrent.ThreadPoolExecutor$Worker.run(Unknown Source)
	at java.lang.Thread.run(Unknown Source)
... Removed 20 stack frames]]>
    </failure>
  </testcase> <!-- postUpdate -->
  <testcase name="MyPost" time="20.341" classname="com.mb.brc.tests.LoginAndRegistrationTest">
    <failure type="org.openqa.selenium.NoSuchElementException" message="An element could not be located on the page using the given search parameters. (WARNING: The server did not provide any stacktrace information)
Command duration or timeout: 20.31 seconds
For documentation on this error, please visit: http://seleniumhq.org/exceptions/no_such_element.html
Build info: version: &amp;apos;2.53.1&amp;apos;, revision: &amp;apos;a36b8b1&amp;apos;, time: &amp;apos;2016-06-30 17:37:03&amp;apos;
System info: host: &amp;apos;NODTBSL453AG&amp;apos;, ip: &amp;apos;10.150.160.235&amp;apos;, os.name: &amp;apos;Windows 8.1&amp;apos;, os.arch: &amp;apos;amd64&amp;apos;, os.version: &amp;apos;6.3&amp;apos;, java.version: &amp;apos;1.8.0_40&amp;apos;
Driver info: io.appium.java_client.android.AndroidDriver
Capabilities [{app=D:\Development\Build\BRC_debug_staging.apk, appPackage=com.timesgroup.brokerconnectmagicbricks, networkConnectionEnabled=true, warnings={}, databaseEnabled=false, deviceName=LS1439917481, platform=LINUX, appActivity=com.timesgroup.brokerconnectmagicbricks.Activities.SplashScreen, desired={app=D:\Development\Build\BRC_debug_staging.apk, appPackage=com.timesgroup.brokerconnectmagicbricks, appActivity=com.timesgroup.brokerconnectmagicbricks.Activities.SplashScreen, platformVersion=6.0.1, browserName=, platformName=Android, deviceName=Sparkle V}, platformVersion=6.0.1, webStorageEnabled=false, locationContextEnabled=false, browserName=, takesScreenshot=true, javascriptEnabled=true, platformName=Android}]
Session ID: f75c2799-45d4-4864-82e5-32fa759483a2
*** Element info: {Using=class name, value=android.widget.ImageButton}">
      <![CDATA[org.openqa.selenium.NoSuchElementException: An element could not be located on the page using the given search parameters. (WARNING: The server did not provide any stacktrace information)
Command duration or timeout: 20.31 seconds
For documentation on this error, please visit: http://seleniumhq.org/exceptions/no_such_element.html
Build info: version: '2.53.1', revision: 'a36b8b1', time: '2016-06-30 17:37:03'
System info: host: 'NODTBSL453AG', ip: '10.150.160.235', os.name: 'Windows 8.1', os.arch: 'amd64', os.version: '6.3', java.version: '1.8.0_40'
Driver info: io.appium.java_client.android.AndroidDriver
Capabilities [{app=D:\Development\Build\BRC_debug_staging.apk, appPackage=com.timesgroup.brokerconnectmagicbricks, networkConnectionEnabled=true, warnings={}, databaseEnabled=false, deviceName=LS1439917481, platform=LINUX, appActivity=com.timesgroup.brokerconnectmagicbricks.Activities.SplashScreen, desired={app=D:\Development\Build\BRC_debug_staging.apk, appPackage=com.timesgroup.brokerconnectmagicbricks, appActivity=com.timesgroup.brokerconnectmagicbricks.Activities.SplashScreen, platformVersion=6.0.1, browserName=, platformName=Android, deviceName=Sparkle V}, platformVersion=6.0.1, webStorageEnabled=false, locationContextEnabled=false, browserName=, takesScreenshot=true, javascriptEnabled=true, platformName=Android}]
Session ID: f75c2799-45d4-4864-82e5-32fa759483a2
*** Element info: {Using=class name, value=android.widget.ImageButton}
	at org.openqa.selenium.remote.ErrorHandler.createThrowable(ErrorHandler.java:206)
	at org.openqa.selenium.remote.ErrorHandler.throwIfResponseFailed(ErrorHandler.java:158)
	at org.openqa.selenium.remote.RemoteWebDriver.execute(RemoteWebDriver.java:678)
	at io.appium.java_client.AppiumDriver.execute(AppiumDriver.java:180)
	at org.openqa.selenium.remote.RemoteWebDriver.findElement(RemoteWebDriver.java:363)
	at org.openqa.selenium.remote.RemoteWebDriver.findElementByClassName(RemoteWebDriver.java:477)
	at org.openqa.selenium.By$ByClassName.findElement(By.java:391)
	at org.openqa.selenium.remote.RemoteWebDriver.findElement(RemoteWebDriver.java:355)
	at com.mb.brc.modules.MyPost.myPost(MyPost.java:48)
	at com.mb.brc.tests.LoginAndRegistrationTest.MyPost(LoginAndRegistrationTest.java:211)
	at java.util.concurrent.FutureTask.run(Unknown Source)
	at java.util.concurrent.ThreadPoolExecutor.runWorker(Unknown Source)
	at java.util.concurrent.ThreadPoolExecutor$Worker.run(Unknown Source)
	at java.lang.Thread.run(Unknown Source)
... Removed 20 stack frames]]>
    </failure>
  </testcase> <!-- MyPost -->
  <testcase name="MyPostContent" time="43.805" classname="com.mb.brc.tests.LoginAndRegistrationTest">
    <failure type="org.openqa.selenium.NoSuchElementException" message="An element could not be located on the page using the given search parameters. (WARNING: The server did not provide any stacktrace information)
Command duration or timeout: 25.19 seconds
For documentation on this error, please visit: http://seleniumhq.org/exceptions/no_such_element.html
Build info: version: &amp;apos;2.53.1&amp;apos;, revision: &amp;apos;a36b8b1&amp;apos;, time: &amp;apos;2016-06-30 17:37:03&amp;apos;
System info: host: &amp;apos;NODTBSL453AG&amp;apos;, ip: &amp;apos;10.150.160.235&amp;apos;, os.name: &amp;apos;Windows 8.1&amp;apos;, os.arch: &amp;apos;amd64&amp;apos;, os.version: &amp;apos;6.3&amp;apos;, java.version: &amp;apos;1.8.0_40&amp;apos;
Driver info: io.appium.java_client.android.AndroidDriver
Capabilities [{app=D:\Development\Build\BRC_debug_staging.apk, appPackage=com.timesgroup.brokerconnectmagicbricks, networkConnectionEnabled=true, warnings={}, databaseEnabled=false, deviceName=LS1439917481, platform=LINUX, appActivity=com.timesgroup.brokerconnectmagicbricks.Activities.SplashScreen, desired={app=D:\Development\Build\BRC_debug_staging.apk, appPackage=com.timesgroup.brokerconnectmagicbricks, appActivity=com.timesgroup.brokerconnectmagicbricks.Activities.SplashScreen, platformVersion=6.0.1, browserName=, platformName=Android, deviceName=Sparkle V}, platformVersion=6.0.1, webStorageEnabled=false, locationContextEnabled=false, browserName=, takesScreenshot=true, javascriptEnabled=true, platformName=Android}]
Session ID: f75c2799-45d4-4864-82e5-32fa759483a2
*** Element info: {Using=-android uiautomator, value=new UiScrollable(new UiSelector().scrollable(true).instance(0)).scrollIntoView(new UiSelector().description(&amp;quot;Budget&amp;quot;).instance(0));new UiScrollable(new UiSelector().scrollable(true).instance(0)).scrollIntoView(new UiSelector().text(&amp;quot;Budget&amp;quot;).instance(0));}">
      <![CDATA[org.openqa.selenium.NoSuchElementException: An element could not be located on the page using the given search parameters. (WARNING: The server did not provide any stacktrace information)
Command duration or timeout: 25.19 seconds
For documentation on this error, please visit: http://seleniumhq.org/exceptions/no_such_element.html
Build info: version: '2.53.1', revision: 'a36b8b1', time: '2016-06-30 17:37:03'
System info: host: 'NODTBSL453AG', ip: '10.150.160.235', os.name: 'Windows 8.1', os.arch: 'amd64', os.version: '6.3', java.version: '1.8.0_40'
Driver info: io.appium.java_client.android.AndroidDriver
Capabilities [{app=D:\Development\Build\BRC_debug_staging.apk, appPackage=com.timesgroup.brokerconnectmagicbricks, networkConnectionEnabled=true, warnings={}, databaseEnabled=false, deviceName=LS1439917481, platform=LINUX, appActivity=com.timesgroup.brokerconnectmagicbricks.Activities.SplashScreen, desired={app=D:\Development\Build\BRC_debug_staging.apk, appPackage=com.timesgroup.brokerconnectmagicbricks, appActivity=com.timesgroup.brokerconnectmagicbricks.Activities.SplashScreen, platformVersion=6.0.1, browserName=, platformName=Android, deviceName=Sparkle V}, platformVersion=6.0.1, webStorageEnabled=false, locationContextEnabled=false, browserName=, takesScreenshot=true, javascriptEnabled=true, platformName=Android}]
Session ID: f75c2799-45d4-4864-82e5-32fa759483a2
*** Element info: {Using=-android uiautomator, value=new UiScrollable(new UiSelector().scrollable(true).instance(0)).scrollIntoView(new UiSelector().description("Budget").instance(0));new UiScrollable(new UiSelector().scrollable(true).instance(0)).scrollIntoView(new UiSelector().text("Budget").instance(0));}
	at org.openqa.selenium.remote.ErrorHandler.createThrowable(ErrorHandler.java:206)
	at org.openqa.selenium.remote.ErrorHandler.throwIfResponseFailed(ErrorHandler.java:158)
	at org.openqa.selenium.remote.RemoteWebDriver.execute(RemoteWebDriver.java:678)
	at io.appium.java_client.AppiumDriver.execute(AppiumDriver.java:180)
	at org.openqa.selenium.remote.RemoteWebDriver.findElement(RemoteWebDriver.java:363)
	at io.appium.java_client.android.AndroidDriver.findElementByAndroidUIAutomator(AndroidDriver.java:244)
	at io.appium.java_client.android.AndroidDriver.scrollToExact(AndroidDriver.java:65)
	at com.mb.brc.modules.MyPost.dataValidation(MyPost.java:104)
	at com.mb.brc.modules.MyPost.MyPostContent(MyPost.java:127)
	at com.mb.brc.tests.LoginAndRegistrationTest.MyPostContent(LoginAndRegistrationTest.java:222)
	at java.util.concurrent.FutureTask.run(Unknown Source)
	at java.util.concurrent.ThreadPoolExecutor.runWorker(Unknown Source)
	at java.util.concurrent.ThreadPoolExecutor$Worker.run(Unknown Source)
	at java.lang.Thread.run(Unknown Source)
... Removed 20 stack frames]]>
    </failure>
  </testcase> <!-- MyPostContent -->
  <testcase name="@BeforeSuite LaunchApp" time="0.0" classname="com.mb.brc.tests.launch">
    <ignored/>
  </testcase> <!-- @BeforeSuite LaunchApp -->
  <testcase name="Registration" time="0.0" classname="com.mb.brc.tests.LoginAndRegistrationTest">
    <ignored/>
  </testcase> <!-- Registration -->
</testsuite> <!-- Sanity Test cases -->
