<html>
<head>
<title>TestNG:  Sanity Test cases</title>
<link href="../testng.css" rel="stylesheet" type="text/css" />
<link href="../my-testng.css" rel="stylesheet" type="text/css" />

<style type="text/css">
.log { display: none;} 
.stack-trace { display: none;} 
</style>
<script type="text/javascript">
<!--
function flip(e) {
  current = e.style.display;
  if (current == 'block') {
    e.style.display = 'none';
    return 0;
  }
  else {
    e.style.display = 'block';
    return 1;
  }
}

function toggleBox(szDivId, elem, msg1, msg2)
{
  var res = -1;  if (document.getElementById) {
    res = flip(document.getElementById(szDivId));
  }
  else if (document.all) {
    // this is the way old msie versions work
    res = flip(document.all[szDivId]);
  }
  if(elem) {
    if(res == 0) elem.innerHTML = msg1; else elem.innerHTML = msg2;
  }

}

function toggleAllBoxes() {
  if (document.getElementsByTagName) {
    d = document.getElementsByTagName('div');
    for (i = 0; i < d.length; i++) {
      if (d[i].className == 'log') {
        flip(d[i]);
      }
    }
  }
}

// -->
</script>

</head>
<body>
<h2 align='center'>Sanity Test cases</h2><table border='1' align="center">
<tr>
<td>Tests passed/Failed/Skipped:</td><td>6/6/0</td>
</tr><tr>
<td>Started on:</td><td>Wed May 03 16:29:03 IST 2017</td>
</tr>
<tr><td>Total time:</td><td>304 seconds (304703 ms)</td>
</tr><tr>
<td>Included groups:</td><td></td>
</tr><tr>
<td>Excluded groups:</td><td></td>
</tr>
</table><p/>
<small><i>(Hover the method name to see the test class name)</i></small><p/>
<table width='100%' border='1' class='invocation-failed'>
<tr><td colspan='4' align='center'><b>FAILED TESTS</b></td></tr>
<tr><td><b>Test method</b></td>
<td width="30%"><b>Exception</b></td>
<td width="10%"><b>Time (seconds)</b></td>
<td><b>Instance</b></td>
</tr>
<tr>
<td title='com.mb.brc.tests.LoginAndRegistrationTest.MyPost()'><b>MyPost</b><br>Test class: com.mb.brc.tests.LoginAndRegistrationTest<br/>
<a href="#Output-249221582" onClick='toggleBox("Output-249221582", this, "Show output", "Hide output");'>Show output</a>

<a href="#Output-249221582" onClick="toggleAllBoxes();">Show all outputs</a>
<div class='log' id="Output-249221582">
STEP21<br/>
</div>
</td>
<td><div><pre>org.openqa.selenium.NoSuchElementException: An element could not be located on the page using the given search parameters. (WARNING: The server did not provide any stacktrace information)
Command duration or timeout: 20.31 seconds
For documentation on this error, please visit: http://seleniumhq.org/exceptions/no_such_element.html
Build info: version: &apos;2.53.1&apos;, revision: &apos;a36b8b1&apos;, time: &apos;2016-06-30 17:37:03&apos;
System info: host: &apos;NODTBSL453AG&apos;, ip: &apos;10.150.160.235&apos;, os.name: &apos;Windows 8.1&apos;, os.arch: &apos;amd64&apos;, os.version: &apos;6.3&apos;, java.version: &apos;1.8.0_40&apos;
Driver info: io.appium.java_client.android.AndroidDriver
Capabilities [{app=D:\Development\Build\BRC_debug_staging.apk, appPackage=com.timesgroup.brokerconnectmagicbricks, networkConnectionEnabled=true, warnings={}, databaseEnabled=false, deviceName=LS1439917481, platform=LINUX, appActivity=com.timesgroup.brokerconnectmagicbricks.Activities.SplashScreen, desired={app=D:\Development\Build\BRC_debug_staging.apk, appPackage=com.timesgroup.brokerconnectmagicbricks, appActivity=com.timesgroup.brokerconnectmagicbricks.Activities.SplashScreen, platformVersion=6.0.1, browserName=, platformName=Android, deviceName=Sparkle V}, platformVersion=6.0.1, webStorageEnabled=false, locationContextEnabled=false, browserName=, takesScreenshot=true, javascriptEnabled=true, platformName=Android}]
Session ID: f75c2799-45d4-4864-82e5-32fa759483a2
*** Element info: {Using=class name, value=android.widget.ImageButton}
	at org.openqa.selenium.remote.ErrorHandler.createThrowable(ErrorHandler.java:206)
	at org.openqa.selenium.remote.ErrorHandler.throwIfResponseFailed(ErrorHandler.java:158)
	at org.openqa.selenium.remote.RemoteWebDriver.execute(RemoteWebDriver.java:678)
	at io.appium.java_client.AppiumDriver.execute(AppiumDriver.java:180)
	at org.openqa.selenium.remote.RemoteWebDriver.findElement(RemoteWebDriver.java:363)
	at org.openqa.selenium.remote.RemoteWebDriver.findElementByClassName(RemoteWebDriver.java:477)
	at org.openqa.selenium.By$ByClassName.findElement(By.java:391)
	at org.openqa.selenium.remote.RemoteWebDriver.findElement(RemoteWebDriver.java:355)
	at com.mb.brc.modules.MyPost.myPost(MyPost.java:48)
	at com.mb.brc.tests.LoginAndRegistrationTest.MyPost(LoginAndRegistrationTest.java:211)
	at java.util.concurrent.FutureTask.run(Unknown Source)
	at java.util.concurrent.ThreadPoolExecutor.runWorker(Unknown Source)
	at java.util.concurrent.ThreadPoolExecutor$Worker.run(Unknown Source)
	at java.lang.Thread.run(Unknown Source)
... Removed 20 stack frames</pre></div><a href='#' onClick='toggleBox("stack-trace249221582", this, "Click to show all stack frames", "Click to hide stack frames")'>Click to show all stack frames</a>
<div class='stack-trace' id='stack-trace249221582'><pre>org.openqa.selenium.NoSuchElementException: An element could not be located on the page using the given search parameters. (WARNING: The server did not provide any stacktrace information)
Command duration or timeout: 20.31 seconds
For documentation on this error, please visit: http://seleniumhq.org/exceptions/no_such_element.html
Build info: version: &apos;2.53.1&apos;, revision: &apos;a36b8b1&apos;, time: &apos;2016-06-30 17:37:03&apos;
System info: host: &apos;NODTBSL453AG&apos;, ip: &apos;10.150.160.235&apos;, os.name: &apos;Windows 8.1&apos;, os.arch: &apos;amd64&apos;, os.version: &apos;6.3&apos;, java.version: &apos;1.8.0_40&apos;
Driver info: io.appium.java_client.android.AndroidDriver
Capabilities [{app=D:\Development\Build\BRC_debug_staging.apk, appPackage=com.timesgroup.brokerconnectmagicbricks, networkConnectionEnabled=true, warnings={}, databaseEnabled=false, deviceName=LS1439917481, platform=LINUX, appActivity=com.timesgroup.brokerconnectmagicbricks.Activities.SplashScreen, desired={app=D:\Development\Build\BRC_debug_staging.apk, appPackage=com.timesgroup.brokerconnectmagicbricks, appActivity=com.timesgroup.brokerconnectmagicbricks.Activities.SplashScreen, platformVersion=6.0.1, browserName=, platformName=Android, deviceName=Sparkle V}, platformVersion=6.0.1, webStorageEnabled=false, locationContextEnabled=false, browserName=, takesScreenshot=true, javascriptEnabled=true, platformName=Android}]
Session ID: f75c2799-45d4-4864-82e5-32fa759483a2
*** Element info: {Using=class name, value=android.widget.ImageButton}
	at sun.reflect.NativeConstructorAccessorImpl.newInstance0(Native Method)
	at sun.reflect.NativeConstructorAccessorImpl.newInstance(Unknown Source)
	at sun.reflect.DelegatingConstructorAccessorImpl.newInstance(Unknown Source)
	at java.lang.reflect.Constructor.newInstance(Unknown Source)
	at org.openqa.selenium.remote.ErrorHandler.createThrowable(ErrorHandler.java:206)
	at org.openqa.selenium.remote.ErrorHandler.throwIfResponseFailed(ErrorHandler.java:158)
	at org.openqa.selenium.remote.RemoteWebDriver.execute(RemoteWebDriver.java:678)
	at io.appium.java_client.AppiumDriver.execute(AppiumDriver.java:180)
	at org.openqa.selenium.remote.RemoteWebDriver.findElement(RemoteWebDriver.java:363)
	at org.openqa.selenium.remote.RemoteWebDriver.findElementByClassName(RemoteWebDriver.java:477)
	at org.openqa.selenium.By$ByClassName.findElement(By.java:391)
	at org.openqa.selenium.remote.RemoteWebDriver.findElement(RemoteWebDriver.java:355)
	at com.mb.brc.modules.MyPost.myPost(MyPost.java:48)
	at com.mb.brc.tests.LoginAndRegistrationTest.MyPost(LoginAndRegistrationTest.java:211)
	at sun.reflect.NativeMethodAccessorImpl.invoke0(Native Method)
	at sun.reflect.NativeMethodAccessorImpl.invoke(Unknown Source)
	at sun.reflect.DelegatingMethodAccessorImpl.invoke(Unknown Source)
	at java.lang.reflect.Method.invoke(Unknown Source)
	at org.testng.internal.MethodInvocationHelper.invokeMethod(MethodInvocationHelper.java:108)
	at org.testng.internal.Invoker.invokeMethod(Invoker.java:661)
	at org.testng.internal.Invoker.invokeTestMethod(Invoker.java:869)
	at org.testng.internal.Invoker.invokeTestMethods(Invoker.java:1193)
	at org.testng.internal.TestMethodWorker.invokeTestMethods(TestMethodWorker.java:126)
	at org.testng.internal.TestMethodWorker.run(TestMethodWorker.java:109)
	at org.testng.TestRunner.privateRun(TestRunner.java:744)
	at org.testng.TestRunner.run(TestRunner.java:602)
	at org.testng.SuiteRunner.runTest(SuiteRunner.java:380)
	at org.testng.SuiteRunner.access$000(SuiteRunner.java:39)
	at org.testng.SuiteRunner$SuiteWorker.run(SuiteRunner.java:414)
	at org.testng.internal.thread.ThreadUtil$1.call(ThreadUtil.java:52)
	at java.util.concurrent.FutureTask.run(Unknown Source)
	at java.util.concurrent.ThreadPoolExecutor.runWorker(Unknown Source)
	at java.util.concurrent.ThreadPoolExecutor$Worker.run(Unknown Source)
	at java.lang.Thread.run(Unknown Source)
</pre></div></td>
<td>20</td>
<td>com.mb.brc.tests.LoginAndRegistrationTest@14d3bc22</td></tr>
<tr>
<td title='com.mb.brc.tests.LoginAndRegistrationTest.MyPostContent()'><b>MyPostContent</b><br>Test class: com.mb.brc.tests.LoginAndRegistrationTest<br/>
<a href="#Output-1200136622" onClick='toggleBox("Output-1200136622", this, "Show output", "Hide output");'>Show output</a>

<a href="#Output-1200136622" onClick="toggleAllBoxes();">Show all outputs</a>
<div class='log' id="Output-1200136622">
STEP22<br/>
</div>
</td>
<td><div><pre>org.openqa.selenium.NoSuchElementException: An element could not be located on the page using the given search parameters. (WARNING: The server did not provide any stacktrace information)
Command duration or timeout: 25.19 seconds
For documentation on this error, please visit: http://seleniumhq.org/exceptions/no_such_element.html
Build info: version: &apos;2.53.1&apos;, revision: &apos;a36b8b1&apos;, time: &apos;2016-06-30 17:37:03&apos;
System info: host: &apos;NODTBSL453AG&apos;, ip: &apos;10.150.160.235&apos;, os.name: &apos;Windows 8.1&apos;, os.arch: &apos;amd64&apos;, os.version: &apos;6.3&apos;, java.version: &apos;1.8.0_40&apos;
Driver info: io.appium.java_client.android.AndroidDriver
Capabilities [{app=D:\Development\Build\BRC_debug_staging.apk, appPackage=com.timesgroup.brokerconnectmagicbricks, networkConnectionEnabled=true, warnings={}, databaseEnabled=false, deviceName=LS1439917481, platform=LINUX, appActivity=com.timesgroup.brokerconnectmagicbricks.Activities.SplashScreen, desired={app=D:\Development\Build\BRC_debug_staging.apk, appPackage=com.timesgroup.brokerconnectmagicbricks, appActivity=com.timesgroup.brokerconnectmagicbricks.Activities.SplashScreen, platformVersion=6.0.1, browserName=, platformName=Android, deviceName=Sparkle V}, platformVersion=6.0.1, webStorageEnabled=false, locationContextEnabled=false, browserName=, takesScreenshot=true, javascriptEnabled=true, platformName=Android}]
Session ID: f75c2799-45d4-4864-82e5-32fa759483a2
*** Element info: {Using=-android uiautomator, value=new UiScrollable(new UiSelector().scrollable(true).instance(0)).scrollIntoView(new UiSelector().description(&quot;Budget&quot;).instance(0));new UiScrollable(new UiSelector().scrollable(true).instance(0)).scrollIntoView(new UiSelector().text(&quot;Budget&quot;).instance(0));}
	at org.openqa.selenium.remote.ErrorHandler.createThrowable(ErrorHandler.java:206)
	at org.openqa.selenium.remote.ErrorHandler.throwIfResponseFailed(ErrorHandler.java:158)
	at org.openqa.selenium.remote.RemoteWebDriver.execute(RemoteWebDriver.java:678)
	at io.appium.java_client.AppiumDriver.execute(AppiumDriver.java:180)
	at org.openqa.selenium.remote.RemoteWebDriver.findElement(RemoteWebDriver.java:363)
	at io.appium.java_client.android.AndroidDriver.findElementByAndroidUIAutomator(AndroidDriver.java:244)
	at io.appium.java_client.android.AndroidDriver.scrollToExact(AndroidDriver.java:65)
	at com.mb.brc.modules.MyPost.dataValidation(MyPost.java:104)
	at com.mb.brc.modules.MyPost.MyPostContent(MyPost.java:127)
	at com.mb.brc.tests.LoginAndRegistrationTest.MyPostContent(LoginAndRegistrationTest.java:222)
	at java.util.concurrent.FutureTask.run(Unknown Source)
	at java.util.concurrent.ThreadPoolExecutor.runWorker(Unknown Source)
	at java.util.concurrent.ThreadPoolExecutor$Worker.run(Unknown Source)
	at java.lang.Thread.run(Unknown Source)
... Removed 20 stack frames</pre></div><a href='#' onClick='toggleBox("stack-trace1200136622", this, "Click to show all stack frames", "Click to hide stack frames")'>Click to show all stack frames</a>
<div class='stack-trace' id='stack-trace1200136622'><pre>org.openqa.selenium.NoSuchElementException: An element could not be located on the page using the given search parameters. (WARNING: The server did not provide any stacktrace information)
Command duration or timeout: 25.19 seconds
For documentation on this error, please visit: http://seleniumhq.org/exceptions/no_such_element.html
Build info: version: &apos;2.53.1&apos;, revision: &apos;a36b8b1&apos;, time: &apos;2016-06-30 17:37:03&apos;
System info: host: &apos;NODTBSL453AG&apos;, ip: &apos;10.150.160.235&apos;, os.name: &apos;Windows 8.1&apos;, os.arch: &apos;amd64&apos;, os.version: &apos;6.3&apos;, java.version: &apos;1.8.0_40&apos;
Driver info: io.appium.java_client.android.AndroidDriver
Capabilities [{app=D:\Development\Build\BRC_debug_staging.apk, appPackage=com.timesgroup.brokerconnectmagicbricks, networkConnectionEnabled=true, warnings={}, databaseEnabled=false, deviceName=LS1439917481, platform=LINUX, appActivity=com.timesgroup.brokerconnectmagicbricks.Activities.SplashScreen, desired={app=D:\Development\Build\BRC_debug_staging.apk, appPackage=com.timesgroup.brokerconnectmagicbricks, appActivity=com.timesgroup.brokerconnectmagicbricks.Activities.SplashScreen, platformVersion=6.0.1, browserName=, platformName=Android, deviceName=Sparkle V}, platformVersion=6.0.1, webStorageEnabled=false, locationContextEnabled=false, browserName=, takesScreenshot=true, javascriptEnabled=true, platformName=Android}]
Session ID: f75c2799-45d4-4864-82e5-32fa759483a2
*** Element info: {Using=-android uiautomator, value=new UiScrollable(new UiSelector().scrollable(true).instance(0)).scrollIntoView(new UiSelector().description(&quot;Budget&quot;).instance(0));new UiScrollable(new UiSelector().scrollable(true).instance(0)).scrollIntoView(new UiSelector().text(&quot;Budget&quot;).instance(0));}
	at sun.reflect.NativeConstructorAccessorImpl.newInstance0(Native Method)
	at sun.reflect.NativeConstructorAccessorImpl.newInstance(Unknown Source)
	at sun.reflect.DelegatingConstructorAccessorImpl.newInstance(Unknown Source)
	at java.lang.reflect.Constructor.newInstance(Unknown Source)
	at org.openqa.selenium.remote.ErrorHandler.createThrowable(ErrorHandler.java:206)
	at org.openqa.selenium.remote.ErrorHandler.throwIfResponseFailed(ErrorHandler.java:158)
	at org.openqa.selenium.remote.RemoteWebDriver.execute(RemoteWebDriver.java:678)
	at io.appium.java_client.AppiumDriver.execute(AppiumDriver.java:180)
	at org.openqa.selenium.remote.RemoteWebDriver.findElement(RemoteWebDriver.java:363)
	at io.appium.java_client.android.AndroidDriver.findElementByAndroidUIAutomator(AndroidDriver.java:244)
	at io.appium.java_client.android.AndroidDriver.scrollToExact(AndroidDriver.java:65)
	at com.mb.brc.modules.MyPost.dataValidation(MyPost.java:104)
	at com.mb.brc.modules.MyPost.MyPostContent(MyPost.java:127)
	at com.mb.brc.tests.LoginAndRegistrationTest.MyPostContent(LoginAndRegistrationTest.java:222)
	at sun.reflect.NativeMethodAccessorImpl.invoke0(Native Method)
	at sun.reflect.NativeMethodAccessorImpl.invoke(Unknown Source)
	at sun.reflect.DelegatingMethodAccessorImpl.invoke(Unknown Source)
	at java.lang.reflect.Method.invoke(Unknown Source)
	at org.testng.internal.MethodInvocationHelper.invokeMethod(MethodInvocationHelper.java:108)
	at org.testng.internal.Invoker.invokeMethod(Invoker.java:661)
	at org.testng.internal.Invoker.invokeTestMethod(Invoker.java:869)
	at org.testng.internal.Invoker.invokeTestMethods(Invoker.java:1193)
	at org.testng.internal.TestMethodWorker.invokeTestMethods(TestMethodWorker.java:126)
	at org.testng.internal.TestMethodWorker.run(TestMethodWorker.java:109)
	at org.testng.TestRunner.privateRun(TestRunner.java:744)
	at org.testng.TestRunner.run(TestRunner.java:602)
	at org.testng.SuiteRunner.runTest(SuiteRunner.java:380)
	at org.testng.SuiteRunner.access$000(SuiteRunner.java:39)
	at org.testng.SuiteRunner$SuiteWorker.run(SuiteRunner.java:414)
	at org.testng.internal.thread.ThreadUtil$1.call(ThreadUtil.java:52)
	at java.util.concurrent.FutureTask.run(Unknown Source)
	at java.util.concurrent.ThreadPoolExecutor.runWorker(Unknown Source)
	at java.util.concurrent.ThreadPoolExecutor$Worker.run(Unknown Source)
	at java.lang.Thread.run(Unknown Source)
</pre></div></td>
<td>43</td>
<td>com.mb.brc.tests.LoginAndRegistrationTest@14d3bc22</td></tr>
<tr>
<td title='com.mb.brc.tests.LoginAndRegistrationTest.PostPropertyRequirement()'><b>PostPropertyRequirement</b><br>Test class: com.mb.brc.tests.LoginAndRegistrationTest<br/>
<a href="#Output-1692508595" onClick='toggleBox("Output-1692508595", this, "Show output", "Hide output");'>Show output</a>

<a href="#Output-1692508595" onClick="toggleAllBoxes();">Show all outputs</a>
<div class='log' id="Output-1692508595">
STEP18<br/>
</div>
</td>
<td><div><pre>org.openqa.selenium.WebDriverException: An unknown server-side error occurred while processing the command. (Original error: Soft keyboard not present, cannot hide keyboard) (WARNING: The server did not provide any stacktrace information)
Command duration or timeout: 187 milliseconds
Build info: version: &apos;2.53.1&apos;, revision: &apos;a36b8b1&apos;, time: &apos;2016-06-30 17:37:03&apos;
System info: host: &apos;NODTBSL453AG&apos;, ip: &apos;10.150.160.235&apos;, os.name: &apos;Windows 8.1&apos;, os.arch: &apos;amd64&apos;, os.version: &apos;6.3&apos;, java.version: &apos;1.8.0_40&apos;
Driver info: io.appium.java_client.android.AndroidDriver
Capabilities [{app=D:\Development\Build\BRC_debug_staging.apk, appPackage=com.timesgroup.brokerconnectmagicbricks, networkConnectionEnabled=true, warnings={}, databaseEnabled=false, deviceName=LS1439917481, platform=LINUX, appActivity=com.timesgroup.brokerconnectmagicbricks.Activities.SplashScreen, desired={app=D:\Development\Build\BRC_debug_staging.apk, appPackage=com.timesgroup.brokerconnectmagicbricks, appActivity=com.timesgroup.brokerconnectmagicbricks.Activities.SplashScreen, platformVersion=6.0.1, browserName=, platformName=Android, deviceName=Sparkle V}, platformVersion=6.0.1, webStorageEnabled=false, locationContextEnabled=false, browserName=, takesScreenshot=true, javascriptEnabled=true, platformName=Android}]
Session ID: f75c2799-45d4-4864-82e5-32fa759483a2
	at org.openqa.selenium.remote.ErrorHandler.createThrowable(ErrorHandler.java:206)
	at org.openqa.selenium.remote.ErrorHandler.throwIfResponseFailed(ErrorHandler.java:158)
	at org.openqa.selenium.remote.RemoteWebDriver.execute(RemoteWebDriver.java:678)
	at io.appium.java_client.AppiumDriver.execute(AppiumDriver.java:180)
	at io.appium.java_client.AppiumDriver.execute(AppiumDriver.java:185)
	at io.appium.java_client.AppiumDriver.hideKeyboard(AppiumDriver.java:268)
	at com.mb.brc.modules.PostPropertyRequirement.postProperty(PostPropertyRequirement.java:130)
	at com.mb.brc.tests.LoginAndRegistrationTest.PostPropertyRequirement(LoginAndRegistrationTest.java:176)
	at java.util.concurrent.FutureTask.run(Unknown Source)
	at java.util.concurrent.ThreadPoolExecutor.runWorker(Unknown Source)
	at java.util.concurrent.ThreadPoolExecutor$Worker.run(Unknown Source)
	at java.lang.Thread.run(Unknown Source)
... Removed 19 stack frames</pre></div><a href='#' onClick='toggleBox("stack-trace1692508595", this, "Click to show all stack frames", "Click to hide stack frames")'>Click to show all stack frames</a>
<div class='stack-trace' id='stack-trace1692508595'><pre>org.openqa.selenium.WebDriverException: An unknown server-side error occurred while processing the command. (Original error: Soft keyboard not present, cannot hide keyboard) (WARNING: The server did not provide any stacktrace information)
Command duration or timeout: 187 milliseconds
Build info: version: &apos;2.53.1&apos;, revision: &apos;a36b8b1&apos;, time: &apos;2016-06-30 17:37:03&apos;
System info: host: &apos;NODTBSL453AG&apos;, ip: &apos;10.150.160.235&apos;, os.name: &apos;Windows 8.1&apos;, os.arch: &apos;amd64&apos;, os.version: &apos;6.3&apos;, java.version: &apos;1.8.0_40&apos;
Driver info: io.appium.java_client.android.AndroidDriver
Capabilities [{app=D:\Development\Build\BRC_debug_staging.apk, appPackage=com.timesgroup.brokerconnectmagicbricks, networkConnectionEnabled=true, warnings={}, databaseEnabled=false, deviceName=LS1439917481, platform=LINUX, appActivity=com.timesgroup.brokerconnectmagicbricks.Activities.SplashScreen, desired={app=D:\Development\Build\BRC_debug_staging.apk, appPackage=com.timesgroup.brokerconnectmagicbricks, appActivity=com.timesgroup.brokerconnectmagicbricks.Activities.SplashScreen, platformVersion=6.0.1, browserName=, platformName=Android, deviceName=Sparkle V}, platformVersion=6.0.1, webStorageEnabled=false, locationContextEnabled=false, browserName=, takesScreenshot=true, javascriptEnabled=true, platformName=Android}]
Session ID: f75c2799-45d4-4864-82e5-32fa759483a2
	at sun.reflect.GeneratedConstructorAccessor52.newInstance(Unknown Source)
	at sun.reflect.DelegatingConstructorAccessorImpl.newInstance(Unknown Source)
	at java.lang.reflect.Constructor.newInstance(Unknown Source)
	at org.openqa.selenium.remote.ErrorHandler.createThrowable(ErrorHandler.java:206)
	at org.openqa.selenium.remote.ErrorHandler.throwIfResponseFailed(ErrorHandler.java:158)
	at org.openqa.selenium.remote.RemoteWebDriver.execute(RemoteWebDriver.java:678)
	at io.appium.java_client.AppiumDriver.execute(AppiumDriver.java:180)
	at io.appium.java_client.AppiumDriver.execute(AppiumDriver.java:185)
	at io.appium.java_client.AppiumDriver.hideKeyboard(AppiumDriver.java:268)
	at com.mb.brc.modules.PostPropertyRequirement.postProperty(PostPropertyRequirement.java:130)
	at com.mb.brc.tests.LoginAndRegistrationTest.PostPropertyRequirement(LoginAndRegistrationTest.java:176)
	at sun.reflect.NativeMethodAccessorImpl.invoke0(Native Method)
	at sun.reflect.NativeMethodAccessorImpl.invoke(Unknown Source)
	at sun.reflect.DelegatingMethodAccessorImpl.invoke(Unknown Source)
	at java.lang.reflect.Method.invoke(Unknown Source)
	at org.testng.internal.MethodInvocationHelper.invokeMethod(MethodInvocationHelper.java:108)
	at org.testng.internal.Invoker.invokeMethod(Invoker.java:661)
	at org.testng.internal.Invoker.invokeTestMethod(Invoker.java:869)
	at org.testng.internal.Invoker.invokeTestMethods(Invoker.java:1193)
	at org.testng.internal.TestMethodWorker.invokeTestMethods(TestMethodWorker.java:126)
	at org.testng.internal.TestMethodWorker.run(TestMethodWorker.java:109)
	at org.testng.TestRunner.privateRun(TestRunner.java:744)
	at org.testng.TestRunner.run(TestRunner.java:602)
	at org.testng.SuiteRunner.runTest(SuiteRunner.java:380)
	at org.testng.SuiteRunner.access$000(SuiteRunner.java:39)
	at org.testng.SuiteRunner$SuiteWorker.run(SuiteRunner.java:414)
	at org.testng.internal.thread.ThreadUtil$1.call(ThreadUtil.java:52)
	at java.util.concurrent.FutureTask.run(Unknown Source)
	at java.util.concurrent.ThreadPoolExecutor.runWorker(Unknown Source)
	at java.util.concurrent.ThreadPoolExecutor$Worker.run(Unknown Source)
	at java.lang.Thread.run(Unknown Source)
</pre></div></td>
<td>39</td>
<td>com.mb.brc.tests.LoginAndRegistrationTest@14d3bc22</td></tr>
<tr>
<td title='com.mb.brc.tests.LoginAndRegistrationTest.postRequirement()'><b>postRequirement</b><br>Test class: com.mb.brc.tests.LoginAndRegistrationTest<br/>
<a href="#Output-836838891" onClick='toggleBox("Output-836838891", this, "Show output", "Hide output");'>Show output</a>

<a href="#Output-836838891" onClick="toggleAllBoxes();">Show all outputs</a>
<div class='log' id="Output-836838891">
STEP19<br/>
</div>
</td>
<td><div><pre>org.openqa.selenium.NoSuchElementException: An element could not be located on the page using the given search parameters. (WARNING: The server did not provide any stacktrace information)
Command duration or timeout: 20.57 seconds
For documentation on this error, please visit: http://seleniumhq.org/exceptions/no_such_element.html
Build info: version: &apos;2.53.1&apos;, revision: &apos;a36b8b1&apos;, time: &apos;2016-06-30 17:37:03&apos;
System info: host: &apos;NODTBSL453AG&apos;, ip: &apos;10.150.160.235&apos;, os.name: &apos;Windows 8.1&apos;, os.arch: &apos;amd64&apos;, os.version: &apos;6.3&apos;, java.version: &apos;1.8.0_40&apos;
Driver info: io.appium.java_client.android.AndroidDriver
Capabilities [{app=D:\Development\Build\BRC_debug_staging.apk, appPackage=com.timesgroup.brokerconnectmagicbricks, networkConnectionEnabled=true, warnings={}, databaseEnabled=false, deviceName=LS1439917481, platform=LINUX, appActivity=com.timesgroup.brokerconnectmagicbricks.Activities.SplashScreen, desired={app=D:\Development\Build\BRC_debug_staging.apk, appPackage=com.timesgroup.brokerconnectmagicbricks, appActivity=com.timesgroup.brokerconnectmagicbricks.Activities.SplashScreen, platformVersion=6.0.1, browserName=, platformName=Android, deviceName=Sparkle V}, platformVersion=6.0.1, webStorageEnabled=false, locationContextEnabled=false, browserName=, takesScreenshot=true, javascriptEnabled=true, platformName=Android}]
Session ID: f75c2799-45d4-4864-82e5-32fa759483a2
*** Element info: {Using=class name, value=android.widget.ImageButton}
	at org.openqa.selenium.remote.ErrorHandler.createThrowable(ErrorHandler.java:206)
	at org.openqa.selenium.remote.ErrorHandler.throwIfResponseFailed(ErrorHandler.java:158)
	at org.openqa.selenium.remote.RemoteWebDriver.execute(RemoteWebDriver.java:678)
	at io.appium.java_client.AppiumDriver.execute(AppiumDriver.java:180)
	at org.openqa.selenium.remote.RemoteWebDriver.findElement(RemoteWebDriver.java:363)
	at org.openqa.selenium.remote.RemoteWebDriver.findElementByClassName(RemoteWebDriver.java:477)
	at org.openqa.selenium.By$ByClassName.findElement(By.java:391)
	at org.openqa.selenium.remote.RemoteWebDriver.findElement(RemoteWebDriver.java:355)
	at com.mb.brc.modules.Board.HomeFunc(Board.java:216)
	at com.mb.brc.modules.PostPropertyRequirement.postRequirement(PostPropertyRequirement.java:157)
	at com.mb.brc.tests.LoginAndRegistrationTest.postRequirement(LoginAndRegistrationTest.java:187)
	at java.util.concurrent.FutureTask.run(Unknown Source)
	at java.util.concurrent.ThreadPoolExecutor.runWorker(Unknown Source)
	at java.util.concurrent.ThreadPoolExecutor$Worker.run(Unknown Source)
	at java.lang.Thread.run(Unknown Source)
... Removed 20 stack frames</pre></div><a href='#' onClick='toggleBox("stack-trace836838891", this, "Click to show all stack frames", "Click to hide stack frames")'>Click to show all stack frames</a>
<div class='stack-trace' id='stack-trace836838891'><pre>org.openqa.selenium.NoSuchElementException: An element could not be located on the page using the given search parameters. (WARNING: The server did not provide any stacktrace information)
Command duration or timeout: 20.57 seconds
For documentation on this error, please visit: http://seleniumhq.org/exceptions/no_such_element.html
Build info: version: &apos;2.53.1&apos;, revision: &apos;a36b8b1&apos;, time: &apos;2016-06-30 17:37:03&apos;
System info: host: &apos;NODTBSL453AG&apos;, ip: &apos;10.150.160.235&apos;, os.name: &apos;Windows 8.1&apos;, os.arch: &apos;amd64&apos;, os.version: &apos;6.3&apos;, java.version: &apos;1.8.0_40&apos;
Driver info: io.appium.java_client.android.AndroidDriver
Capabilities [{app=D:\Development\Build\BRC_debug_staging.apk, appPackage=com.timesgroup.brokerconnectmagicbricks, networkConnectionEnabled=true, warnings={}, databaseEnabled=false, deviceName=LS1439917481, platform=LINUX, appActivity=com.timesgroup.brokerconnectmagicbricks.Activities.SplashScreen, desired={app=D:\Development\Build\BRC_debug_staging.apk, appPackage=com.timesgroup.brokerconnectmagicbricks, appActivity=com.timesgroup.brokerconnectmagicbricks.Activities.SplashScreen, platformVersion=6.0.1, browserName=, platformName=Android, deviceName=Sparkle V}, platformVersion=6.0.1, webStorageEnabled=false, locationContextEnabled=false, browserName=, takesScreenshot=true, javascriptEnabled=true, platformName=Android}]
Session ID: f75c2799-45d4-4864-82e5-32fa759483a2
*** Element info: {Using=class name, value=android.widget.ImageButton}
	at sun.reflect.NativeConstructorAccessorImpl.newInstance0(Native Method)
	at sun.reflect.NativeConstructorAccessorImpl.newInstance(Unknown Source)
	at sun.reflect.DelegatingConstructorAccessorImpl.newInstance(Unknown Source)
	at java.lang.reflect.Constructor.newInstance(Unknown Source)
	at org.openqa.selenium.remote.ErrorHandler.createThrowable(ErrorHandler.java:206)
	at org.openqa.selenium.remote.ErrorHandler.throwIfResponseFailed(ErrorHandler.java:158)
	at org.openqa.selenium.remote.RemoteWebDriver.execute(RemoteWebDriver.java:678)
	at io.appium.java_client.AppiumDriver.execute(AppiumDriver.java:180)
	at org.openqa.selenium.remote.RemoteWebDriver.findElement(RemoteWebDriver.java:363)
	at org.openqa.selenium.remote.RemoteWebDriver.findElementByClassName(RemoteWebDriver.java:477)
	at org.openqa.selenium.By$ByClassName.findElement(By.java:391)
	at org.openqa.selenium.remote.RemoteWebDriver.findElement(RemoteWebDriver.java:355)
	at com.mb.brc.modules.Board.HomeFunc(Board.java:216)
	at com.mb.brc.modules.PostPropertyRequirement.postRequirement(PostPropertyRequirement.java:157)
	at com.mb.brc.tests.LoginAndRegistrationTest.postRequirement(LoginAndRegistrationTest.java:187)
	at sun.reflect.NativeMethodAccessorImpl.invoke0(Native Method)
	at sun.reflect.NativeMethodAccessorImpl.invoke(Unknown Source)
	at sun.reflect.DelegatingMethodAccessorImpl.invoke(Unknown Source)
	at java.lang.reflect.Method.invoke(Unknown Source)
	at org.testng.internal.MethodInvocationHelper.invokeMethod(MethodInvocationHelper.java:108)
	at org.testng.internal.Invoker.invokeMethod(Invoker.java:661)
	at org.testng.internal.Invoker.invokeTestMethod(Invoker.java:869)
	at org.testng.internal.Invoker.invokeTestMethods(Invoker.java:1193)
	at org.testng.internal.TestMethodWorker.invokeTestMethods(TestMethodWorker.java:126)
	at org.testng.internal.TestMethodWorker.run(TestMethodWorker.java:109)
	at org.testng.TestRunner.privateRun(TestRunner.java:744)
	at org.testng.TestRunner.run(TestRunner.java:602)
	at org.testng.SuiteRunner.runTest(SuiteRunner.java:380)
	at org.testng.SuiteRunner.access$000(SuiteRunner.java:39)
	at org.testng.SuiteRunner$SuiteWorker.run(SuiteRunner.java:414)
	at org.testng.internal.thread.ThreadUtil$1.call(ThreadUtil.java:52)
	at java.util.concurrent.FutureTask.run(Unknown Source)
	at java.util.concurrent.ThreadPoolExecutor.runWorker(Unknown Source)
	at java.util.concurrent.ThreadPoolExecutor$Worker.run(Unknown Source)
	at java.lang.Thread.run(Unknown Source)
</pre></div></td>
<td>20</td>
<td>com.mb.brc.tests.LoginAndRegistrationTest@14d3bc22</td></tr>
<tr>
<td title='com.mb.brc.tests.LoginAndRegistrationTest.postUpdate()'><b>postUpdate</b><br>Test class: com.mb.brc.tests.LoginAndRegistrationTest<br/>
<a href="#Output-1532185627" onClick='toggleBox("Output-1532185627", this, "Show output", "Hide output");'>Show output</a>

<a href="#Output-1532185627" onClick="toggleAllBoxes();">Show all outputs</a>
<div class='log' id="Output-1532185627">
STEP20<br/>
</div>
</td>
<td><div><pre>org.openqa.selenium.NoSuchElementException: An element could not be located on the page using the given search parameters. (WARNING: The server did not provide any stacktrace information)
Command duration or timeout: 20.26 seconds
For documentation on this error, please visit: http://seleniumhq.org/exceptions/no_such_element.html
Build info: version: &apos;2.53.1&apos;, revision: &apos;a36b8b1&apos;, time: &apos;2016-06-30 17:37:03&apos;
System info: host: &apos;NODTBSL453AG&apos;, ip: &apos;10.150.160.235&apos;, os.name: &apos;Windows 8.1&apos;, os.arch: &apos;amd64&apos;, os.version: &apos;6.3&apos;, java.version: &apos;1.8.0_40&apos;
Driver info: io.appium.java_client.android.AndroidDriver
Capabilities [{app=D:\Development\Build\BRC_debug_staging.apk, appPackage=com.timesgroup.brokerconnectmagicbricks, networkConnectionEnabled=true, warnings={}, databaseEnabled=false, deviceName=LS1439917481, platform=LINUX, appActivity=com.timesgroup.brokerconnectmagicbricks.Activities.SplashScreen, desired={app=D:\Development\Build\BRC_debug_staging.apk, appPackage=com.timesgroup.brokerconnectmagicbricks, appActivity=com.timesgroup.brokerconnectmagicbricks.Activities.SplashScreen, platformVersion=6.0.1, browserName=, platformName=Android, deviceName=Sparkle V}, platformVersion=6.0.1, webStorageEnabled=false, locationContextEnabled=false, browserName=, takesScreenshot=true, javascriptEnabled=true, platformName=Android}]
Session ID: f75c2799-45d4-4864-82e5-32fa759483a2
*** Element info: {Using=class name, value=android.widget.ImageButton}
	at org.openqa.selenium.remote.ErrorHandler.createThrowable(ErrorHandler.java:206)
	at org.openqa.selenium.remote.ErrorHandler.throwIfResponseFailed(ErrorHandler.java:158)
	at org.openqa.selenium.remote.RemoteWebDriver.execute(RemoteWebDriver.java:678)
	at io.appium.java_client.AppiumDriver.execute(AppiumDriver.java:180)
	at org.openqa.selenium.remote.RemoteWebDriver.findElement(RemoteWebDriver.java:363)
	at org.openqa.selenium.remote.RemoteWebDriver.findElementByClassName(RemoteWebDriver.java:477)
	at org.openqa.selenium.By$ByClassName.findElement(By.java:391)
	at org.openqa.selenium.remote.RemoteWebDriver.findElement(RemoteWebDriver.java:355)
	at com.mb.brc.modules.Board.HomeFunc(Board.java:216)
	at com.mb.brc.modules.PostPropertyRequirement.postUpdate(PostPropertyRequirement.java:196)
	at com.mb.brc.tests.LoginAndRegistrationTest.postUpdate(LoginAndRegistrationTest.java:198)
	at java.util.concurrent.FutureTask.run(Unknown Source)
	at java.util.concurrent.ThreadPoolExecutor.runWorker(Unknown Source)
	at java.util.concurrent.ThreadPoolExecutor$Worker.run(Unknown Source)
	at java.lang.Thread.run(Unknown Source)
... Removed 20 stack frames</pre></div><a href='#' onClick='toggleBox("stack-trace1532185627", this, "Click to show all stack frames", "Click to hide stack frames")'>Click to show all stack frames</a>
<div class='stack-trace' id='stack-trace1532185627'><pre>org.openqa.selenium.NoSuchElementException: An element could not be located on the page using the given search parameters. (WARNING: The server did not provide any stacktrace information)
Command duration or timeout: 20.26 seconds
For documentation on this error, please visit: http://seleniumhq.org/exceptions/no_such_element.html
Build info: version: &apos;2.53.1&apos;, revision: &apos;a36b8b1&apos;, time: &apos;2016-06-30 17:37:03&apos;
System info: host: &apos;NODTBSL453AG&apos;, ip: &apos;10.150.160.235&apos;, os.name: &apos;Windows 8.1&apos;, os.arch: &apos;amd64&apos;, os.version: &apos;6.3&apos;, java.version: &apos;1.8.0_40&apos;
Driver info: io.appium.java_client.android.AndroidDriver
Capabilities [{app=D:\Development\Build\BRC_debug_staging.apk, appPackage=com.timesgroup.brokerconnectmagicbricks, networkConnectionEnabled=true, warnings={}, databaseEnabled=false, deviceName=LS1439917481, platform=LINUX, appActivity=com.timesgroup.brokerconnectmagicbricks.Activities.SplashScreen, desired={app=D:\Development\Build\BRC_debug_staging.apk, appPackage=com.timesgroup.brokerconnectmagicbricks, appActivity=com.timesgroup.brokerconnectmagicbricks.Activities.SplashScreen, platformVersion=6.0.1, browserName=, platformName=Android, deviceName=Sparkle V}, platformVersion=6.0.1, webStorageEnabled=false, locationContextEnabled=false, browserName=, takesScreenshot=true, javascriptEnabled=true, platformName=Android}]
Session ID: f75c2799-45d4-4864-82e5-32fa759483a2
*** Element info: {Using=class name, value=android.widget.ImageButton}
	at sun.reflect.NativeConstructorAccessorImpl.newInstance0(Native Method)
	at sun.reflect.NativeConstructorAccessorImpl.newInstance(Unknown Source)
	at sun.reflect.DelegatingConstructorAccessorImpl.newInstance(Unknown Source)
	at java.lang.reflect.Constructor.newInstance(Unknown Source)
	at org.openqa.selenium.remote.ErrorHandler.createThrowable(ErrorHandler.java:206)
	at org.openqa.selenium.remote.ErrorHandler.throwIfResponseFailed(ErrorHandler.java:158)
	at org.openqa.selenium.remote.RemoteWebDriver.execute(RemoteWebDriver.java:678)
	at io.appium.java_client.AppiumDriver.execute(AppiumDriver.java:180)
	at org.openqa.selenium.remote.RemoteWebDriver.findElement(RemoteWebDriver.java:363)
	at org.openqa.selenium.remote.RemoteWebDriver.findElementByClassName(RemoteWebDriver.java:477)
	at org.openqa.selenium.By$ByClassName.findElement(By.java:391)
	at org.openqa.selenium.remote.RemoteWebDriver.findElement(RemoteWebDriver.java:355)
	at com.mb.brc.modules.Board.HomeFunc(Board.java:216)
	at com.mb.brc.modules.PostPropertyRequirement.postUpdate(PostPropertyRequirement.java:196)
	at com.mb.brc.tests.LoginAndRegistrationTest.postUpdate(LoginAndRegistrationTest.java:198)
	at sun.reflect.NativeMethodAccessorImpl.invoke0(Native Method)
	at sun.reflect.NativeMethodAccessorImpl.invoke(Unknown Source)
	at sun.reflect.DelegatingMethodAccessorImpl.invoke(Unknown Source)
	at java.lang.reflect.Method.invoke(Unknown Source)
	at org.testng.internal.MethodInvocationHelper.invokeMethod(MethodInvocationHelper.java:108)
	at org.testng.internal.Invoker.invokeMethod(Invoker.java:661)
	at org.testng.internal.Invoker.invokeTestMethod(Invoker.java:869)
	at org.testng.internal.Invoker.invokeTestMethods(Invoker.java:1193)
	at org.testng.internal.TestMethodWorker.invokeTestMethods(TestMethodWorker.java:126)
	at org.testng.internal.TestMethodWorker.run(TestMethodWorker.java:109)
	at org.testng.TestRunner.privateRun(TestRunner.java:744)
	at org.testng.TestRunner.run(TestRunner.java:602)
	at org.testng.SuiteRunner.runTest(SuiteRunner.java:380)
	at org.testng.SuiteRunner.access$000(SuiteRunner.java:39)
	at org.testng.SuiteRunner$SuiteWorker.run(SuiteRunner.java:414)
	at org.testng.internal.thread.ThreadUtil$1.call(ThreadUtil.java:52)
	at java.util.concurrent.FutureTask.run(Unknown Source)
	at java.util.concurrent.ThreadPoolExecutor.runWorker(Unknown Source)
	at java.util.concurrent.ThreadPoolExecutor$Worker.run(Unknown Source)
	at java.lang.Thread.run(Unknown Source)
</pre></div></td>
<td>20</td>
<td>com.mb.brc.tests.LoginAndRegistrationTest@14d3bc22</td></tr>
<tr>
<td title='com.mb.brc.tests.LoginAndRegistrationTest.shorlist()'><b>shorlist</b><br>Test class: com.mb.brc.tests.LoginAndRegistrationTest<br/>
<a href="#Output-537731052" onClick='toggleBox("Output-537731052", this, "Show output", "Hide output");'>Show output</a>

<a href="#Output-537731052" onClick="toggleAllBoxes();">Show all outputs</a>
<div class='log' id="Output-537731052">
STEP17<br/>
</div>
</td>
<td><div><pre>java.lang.AssertionError: Shortlist not working expected [3 hr. ago, 1:04 PM] but found [1 hr. ago, 3:20 PM]
	at com.mb.brc.modules.Board.shorlist(Board.java:238)
	at com.mb.brc.tests.LoginAndRegistrationTest.shorlist(LoginAndRegistrationTest.java:165)
	at java.util.concurrent.FutureTask.run(Unknown Source)
	at java.util.concurrent.ThreadPoolExecutor.runWorker(Unknown Source)
	at java.util.concurrent.ThreadPoolExecutor$Worker.run(Unknown Source)
	at java.lang.Thread.run(Unknown Source)
... Removed 21 stack frames</pre></div><a href='#' onClick='toggleBox("stack-trace537731052", this, "Click to show all stack frames", "Click to hide stack frames")'>Click to show all stack frames</a>
<div class='stack-trace' id='stack-trace537731052'><pre>java.lang.AssertionError: Shortlist not working expected [3 hr. ago, 1:04 PM] but found [1 hr. ago, 3:20 PM]
	at org.testng.Assert.fail(Assert.java:93)
	at org.testng.Assert.failNotEquals(Assert.java:512)
	at org.testng.Assert.assertEqualsImpl(Assert.java:134)
	at org.testng.Assert.assertEquals(Assert.java:115)
	at org.testng.Assert.assertEquals(Assert.java:189)
	at com.mb.brc.modules.Board.shorlist(Board.java:238)
	at com.mb.brc.tests.LoginAndRegistrationTest.shorlist(LoginAndRegistrationTest.java:165)
	at sun.reflect.NativeMethodAccessorImpl.invoke0(Native Method)
	at sun.reflect.NativeMethodAccessorImpl.invoke(Unknown Source)
	at sun.reflect.DelegatingMethodAccessorImpl.invoke(Unknown Source)
	at java.lang.reflect.Method.invoke(Unknown Source)
	at org.testng.internal.MethodInvocationHelper.invokeMethod(MethodInvocationHelper.java:108)
	at org.testng.internal.Invoker.invokeMethod(Invoker.java:661)
	at org.testng.internal.Invoker.invokeTestMethod(Invoker.java:869)
	at org.testng.internal.Invoker.invokeTestMethods(Invoker.java:1193)
	at org.testng.internal.TestMethodWorker.invokeTestMethods(TestMethodWorker.java:126)
	at org.testng.internal.TestMethodWorker.run(TestMethodWorker.java:109)
	at org.testng.TestRunner.privateRun(TestRunner.java:744)
	at org.testng.TestRunner.run(TestRunner.java:602)
	at org.testng.SuiteRunner.runTest(SuiteRunner.java:380)
	at org.testng.SuiteRunner.access$000(SuiteRunner.java:39)
	at org.testng.SuiteRunner$SuiteWorker.run(SuiteRunner.java:414)
	at org.testng.internal.thread.ThreadUtil$1.call(ThreadUtil.java:52)
	at java.util.concurrent.FutureTask.run(Unknown Source)
	at java.util.concurrent.ThreadPoolExecutor.runWorker(Unknown Source)
	at java.util.concurrent.ThreadPoolExecutor$Worker.run(Unknown Source)
	at java.lang.Thread.run(Unknown Source)
</pre></div></td>
<td>10</td>
<td>com.mb.brc.tests.LoginAndRegistrationTest@14d3bc22</td></tr>
</table><p>
<table width='100%' border='1' class='invocation-passed'>
<tr><td colspan='4' align='center'><b>PASSED TESTS</b></td></tr>
<tr><td><b>Test method</b></td>
<td width="30%"><b>Exception</b></td>
<td width="10%"><b>Time (seconds)</b></td>
<td><b>Instance</b></td>
</tr>
<tr>
<td title='com.mb.brc.tests.LoginAndRegistrationTest.Board()'><b>Board</b><br>Test class: com.mb.brc.tests.LoginAndRegistrationTest<br/>
<a href="#Output-1822644850" onClick='toggleBox("Output-1822644850", this, "Show output", "Hide output");'>Show output</a>

<a href="#Output-1822644850" onClick="toggleAllBoxes();">Show all outputs</a>
<div class='log' id="Output-1822644850">
STEP11<br/>
STEP12<br/>
</div>
</td>
<td></td>
<td>21</td>
<td>com.mb.brc.tests.LoginAndRegistrationTest@14d3bc22</td></tr>
<tr>
<td title='com.mb.brc.tests.LoginAndRegistrationTest.BoardContent()'><b>BoardContent</b><br>Test class: com.mb.brc.tests.LoginAndRegistrationTest<br/>
<a href="#Output-1133932221" onClick='toggleBox("Output-1133932221", this, "Show output", "Hide output");'>Show output</a>

<a href="#Output-1133932221" onClick="toggleAllBoxes();">Show all outputs</a>
<div class='log' id="Output-1133932221">
STEP13<br/>
STEP14<br/>
</div>
</td>
<td></td>
<td>68</td>
<td>com.mb.brc.tests.LoginAndRegistrationTest@14d3bc22</td></tr>
<tr>
<td title='com.mb.brc.tests.LoginAndRegistrationTest.coachMark()'><b>coachMark</b><br>Test class: com.mb.brc.tests.LoginAndRegistrationTest<br/>
<a href="#Output-403896404" onClick='toggleBox("Output-403896404", this, "Show output", "Hide output");'>Show output</a>

<a href="#Output-403896404" onClick="toggleAllBoxes();">Show all outputs</a>
<div class='log' id="Output-403896404">
STEP9<br/>
STEP10<br/>
</div>
</td>
<td></td>
<td>7</td>
<td>com.mb.brc.tests.LoginAndRegistrationTest@14d3bc22</td></tr>
<tr>
<td title='com.mb.brc.tests.LoginAndRegistrationTest.exclusive()'><b>exclusive</b><br>Test class: com.mb.brc.tests.LoginAndRegistrationTest<br/>
<a href="#Output-1600251281" onClick='toggleBox("Output-1600251281", this, "Show output", "Hide output");'>Show output</a>

<a href="#Output-1600251281" onClick="toggleAllBoxes();">Show all outputs</a>
<div class='log' id="Output-1600251281">
STEP15<br/>
STEP16<br/>
</div>
</td>
<td></td>
<td>4</td>
<td>com.mb.brc.tests.LoginAndRegistrationTest@14d3bc22</td></tr>
<tr>
<td title='com.mb.brc.tests.LoginAndRegistrationTest.interstialScreen()'><b>interstialScreen</b><br>Test class: com.mb.brc.tests.LoginAndRegistrationTest<br/>
<a href="#Output-47273568" onClick='toggleBox("Output-47273568", this, "Show output", "Hide output");'>Show output</a>

<a href="#Output-47273568" onClick="toggleAllBoxes();">Show all outputs</a>
<div class='log' id="Output-47273568">
STEP1<br/>
STEP2<br/>
</div>
</td>
<td></td>
<td>8</td>
<td>com.mb.brc.tests.LoginAndRegistrationTest@14d3bc22</td></tr>
<tr>
<td title='com.mb.brc.tests.LoginAndRegistrationTest.login()'><b>login</b><br>Test class: com.mb.brc.tests.LoginAndRegistrationTest<br/>
<a href="#Output-906107682" onClick='toggleBox("Output-906107682", this, "Show output", "Hide output");'>Show output</a>

<a href="#Output-906107682" onClick="toggleAllBoxes();">Show all outputs</a>
<div class='log' id="Output-906107682">
STEP3<br/>
STEP4<br/>
STEP5<br/>
STEP6<br/>
STEP7<br/>
STEP8<br/>
</div>
</td>
<td></td>
<td>39</td>
<td>com.mb.brc.tests.LoginAndRegistrationTest@14d3bc22</td></tr>
</table><p>
</body>
</html>